<?xml version="1.0" encoding="UTF-8"?>
<testsuite xmlns:xsi="http://www.w3.org/2001/XMLSchema-instance" xsi:noNamespaceSchemaLocation="https://maven.apache.org/surefire/maven-surefire-plugin/xsd/surefire-test-report-3.0.xsd" version="3.0" name="TestSuite" time="13.865" tests="1" errors="0" skipped="0" failures="1">
  <properties>
    <property name="java.specification.version" value="15"/>
    <property name="webdriver.chrome.driver" value="/home/nirav/.cache/selenium/chromedriver/linux64/92.0.4515.107/chromedriver"/>
    <property name="sun.jnu.encoding" value="UTF-8"/>
    <property name="java.class.path" value="/home/nirav/eclipse-workspace/PageObjectModelDemo/target/test-classes:/home/nirav/eclipse-workspace/PageObjectModelDemo/target/classes:/home/nirav/.m2/repository/org/seleniumhq/selenium/selenium-java/3.141.59/selenium-java-3.141.59.jar:/home/nirav/.m2/repository/org/seleniumhq/selenium/selenium-api/3.141.59/selenium-api-3.141.59.jar:/home/nirav/.m2/repository/org/seleniumhq/selenium/selenium-chrome-driver/3.141.59/selenium-chrome-driver-3.141.59.jar:/home/nirav/.m2/repository/org/seleniumhq/selenium/selenium-edge-driver/3.141.59/selenium-edge-driver-3.141.59.jar:/home/nirav/.m2/repository/org/seleniumhq/selenium/selenium-firefox-driver/3.141.59/selenium-firefox-driver-3.141.59.jar:/home/nirav/.m2/repository/org/seleniumhq/selenium/selenium-ie-driver/3.141.59/selenium-ie-driver-3.141.59.jar:/home/nirav/.m2/repository/org/seleniumhq/selenium/selenium-opera-driver/3.141.59/selenium-opera-driver-3.141.59.jar:/home/nirav/.m2/repository/org/seleniumhq/selenium/selenium-remote-driver/3.141.59/selenium-remote-driver-3.141.59.jar:/home/nirav/.m2/repository/org/seleniumhq/selenium/selenium-safari-driver/3.141.59/selenium-safari-driver-3.141.59.jar:/home/nirav/.m2/repository/org/seleniumhq/selenium/selenium-support/3.141.59/selenium-support-3.141.59.jar:/home/nirav/.m2/repository/net/bytebuddy/byte-buddy/1.8.15/byte-buddy-1.8.15.jar:/home/nirav/.m2/repository/org/apache/commons/commons-exec/1.3/commons-exec-1.3.jar:/home/nirav/.m2/repository/com/google/guava/guava/25.0-jre/guava-25.0-jre.jar:/home/nirav/.m2/repository/com/google/code/findbugs/jsr305/1.3.9/jsr305-1.3.9.jar:/home/nirav/.m2/repository/org/checkerframework/checker-compat-qual/2.0.0/checker-compat-qual-2.0.0.jar:/home/nirav/.m2/repository/com/google/errorprone/error_prone_annotations/2.1.3/error_prone_annotations-2.1.3.jar:/home/nirav/.m2/repository/com/google/j2objc/j2objc-annotations/1.1/j2objc-annotations-1.1.jar:/home/nirav/.m2/repository/org/codehaus/mojo/animal-sniffer-annotations/1.14/animal-sniffer-annotations-1.14.jar:/home/nirav/.m2/repository/com/squareup/okhttp3/okhttp/3.11.0/okhttp-3.11.0.jar:/home/nirav/.m2/repository/com/squareup/okio/okio/1.14.0/okio-1.14.0.jar:/home/nirav/.m2/repository/io/github/bonigarcia/webdrivermanager/4.3.1/webdrivermanager-4.3.1.jar:/home/nirav/.m2/repository/org/slf4j/slf4j-api/1.7.30/slf4j-api-1.7.30.jar:/home/nirav/.m2/repository/commons-io/commons-io/2.8.0/commons-io-2.8.0.jar:/home/nirav/.m2/repository/com/google/code/gson/gson/2.8.6/gson-2.8.6.jar:/home/nirav/.m2/repository/org/apache/commons/commons-lang3/3.11/commons-lang3-3.11.jar:/home/nirav/.m2/repository/org/apache/httpcomponents/client5/httpclient5/5.0.3/httpclient5-5.0.3.jar:/home/nirav/.m2/repository/org/apache/httpcomponents/core5/httpcore5/5.0.2/httpcore5-5.0.2.jar:/home/nirav/.m2/repository/org/apache/httpcomponents/core5/httpcore5-h2/5.0.2/httpcore5-h2-5.0.2.jar:/home/nirav/.m2/repository/commons-codec/commons-codec/1.13/commons-codec-1.13.jar:/home/nirav/.m2/repository/org/rauschig/jarchivelib/1.1.0/jarchivelib-1.1.0.jar:/home/nirav/.m2/repository/org/apache/commons/commons-compress/1.20/commons-compress-1.20.jar:/home/nirav/.m2/repository/org/jsoup/jsoup/1.13.1/jsoup-1.13.1.jar:/home/nirav/.m2/repository/org/testng/testng/7.3.0/testng-7.3.0.jar:/home/nirav/.m2/repository/com/beust/jcommander/1.78/jcommander-1.78.jar:/home/nirav/.m2/repository/org/apache/ant/ant/1.10.3/ant-1.10.3.jar:/home/nirav/.m2/repository/org/apache/ant/ant-launcher/1.10.3/ant-launcher-1.10.3.jar:/home/nirav/.m2/repository/junit/junit/4.12/junit-4.12.jar:/home/nirav/.m2/repository/org/hamcrest/hamcrest-core/1.3/hamcrest-core-1.3.jar:/home/nirav/.m2/repository/com/google/inject/guice/4.2.2/guice-4.2.2-no_aop.jar:/home/nirav/.m2/repository/javax/inject/javax.inject/1/javax.inject-1.jar:/home/nirav/.m2/repository/aopalliance/aopalliance/1.0/aopalliance-1.0.jar:/home/nirav/.m2/repository/org/yaml/snakeyaml/1.21/snakeyaml-1.21.jar:/home/nirav/.m2/repository/log4j/log4j/1.2.17/log4j-1.2.17.jar:/home/nirav/.m2/repository/com/aventstack/extentreports/4.0.0/extentreports-4.0.0.jar:/home/nirav/.m2/repository/org/freemarker/freemarker/2.3.23/freemarker-2.3.23.jar:/home/nirav/.m2/repository/org/mongodb/mongodb-driver/3.3.0/mongodb-driver-3.3.0.jar:/home/nirav/.m2/repository/org/mongodb/mongodb-driver-core/3.3.0/mongodb-driver-core-3.3.0.jar:/home/nirav/.m2/repository/org/mongodb/bson/3.3.0/bson-3.3.0.jar:/home/nirav/.m2/repository/org/apache/httpcomponents/httpclient/4.5.2/httpclient-4.5.2.jar:/home/nirav/.m2/repository/org/apache/httpcomponents/httpcore/4.4.4/httpcore-4.4.4.jar:/home/nirav/.m2/repository/commons-logging/commons-logging/1.2/commons-logging-1.2.jar:/home/nirav/.m2/repository/org/apache/httpcomponents/httpmime/4.5.2/httpmime-4.5.2.jar:"/>
    <property name="java.vm.vendor" value="Oracle Corporation"/>
    <property name="sun.arch.data.model" value="64"/>
    <property name="java.vendor.url" value="https://java.oracle.com/"/>
    <property name="user.timezone" value="Asia/Kolkata"/>
    <property name="os.name" value="Linux"/>
    <property name="java.vm.specification.version" value="15"/>
    <property name="sun.java.launcher" value="SUN_STANDARD"/>
    <property name="user.country" value="IN"/>
    <property name="sun.boot.library.path" value="/usr/lib/jvm/jdk-15.0.2/lib"/>
    <property name="sun.java.command" value="/home/nirav/eclipse-workspace/PageObjectModelDemo/target/surefire/surefirebooter7342949016389614830.jar /home/nirav/eclipse-workspace/PageObjectModelDemo/target/surefire 2021-07-30T16-40-23_050-jvmRun1 surefire2987827298952134468tmp surefire_015282757205060483989tmp"/>
    <property name="jdk.debug" value="release"/>
    <property name="surefire.test.class.path" value="/home/nirav/eclipse-workspace/PageObjectModelDemo/target/test-classes:/home/nirav/eclipse-workspace/PageObjectModelDemo/target/classes:/home/nirav/.m2/repository/org/seleniumhq/selenium/selenium-java/3.141.59/selenium-java-3.141.59.jar:/home/nirav/.m2/repository/org/seleniumhq/selenium/selenium-api/3.141.59/selenium-api-3.141.59.jar:/home/nirav/.m2/repository/org/seleniumhq/selenium/selenium-chrome-driver/3.141.59/selenium-chrome-driver-3.141.59.jar:/home/nirav/.m2/repository/org/seleniumhq/selenium/selenium-edge-driver/3.141.59/selenium-edge-driver-3.141.59.jar:/home/nirav/.m2/repository/org/seleniumhq/selenium/selenium-firefox-driver/3.141.59/selenium-firefox-driver-3.141.59.jar:/home/nirav/.m2/repository/org/seleniumhq/selenium/selenium-ie-driver/3.141.59/selenium-ie-driver-3.141.59.jar:/home/nirav/.m2/repository/org/seleniumhq/selenium/selenium-opera-driver/3.141.59/selenium-opera-driver-3.141.59.jar:/home/nirav/.m2/repository/org/seleniumhq/selenium/selenium-remote-driver/3.141.59/selenium-remote-driver-3.141.59.jar:/home/nirav/.m2/repository/org/seleniumhq/selenium/selenium-safari-driver/3.141.59/selenium-safari-driver-3.141.59.jar:/home/nirav/.m2/repository/org/seleniumhq/selenium/selenium-support/3.141.59/selenium-support-3.141.59.jar:/home/nirav/.m2/repository/net/bytebuddy/byte-buddy/1.8.15/byte-buddy-1.8.15.jar:/home/nirav/.m2/repository/org/apache/commons/commons-exec/1.3/commons-exec-1.3.jar:/home/nirav/.m2/repository/com/google/guava/guava/25.0-jre/guava-25.0-jre.jar:/home/nirav/.m2/repository/com/google/code/findbugs/jsr305/1.3.9/jsr305-1.3.9.jar:/home/nirav/.m2/repository/org/checkerframework/checker-compat-qual/2.0.0/checker-compat-qual-2.0.0.jar:/home/nirav/.m2/repository/com/google/errorprone/error_prone_annotations/2.1.3/error_prone_annotations-2.1.3.jar:/home/nirav/.m2/repository/com/google/j2objc/j2objc-annotations/1.1/j2objc-annotations-1.1.jar:/home/nirav/.m2/repository/org/codehaus/mojo/animal-sniffer-annotations/1.14/animal-sniffer-annotations-1.14.jar:/home/nirav/.m2/repository/com/squareup/okhttp3/okhttp/3.11.0/okhttp-3.11.0.jar:/home/nirav/.m2/repository/com/squareup/okio/okio/1.14.0/okio-1.14.0.jar:/home/nirav/.m2/repository/io/github/bonigarcia/webdrivermanager/4.3.1/webdrivermanager-4.3.1.jar:/home/nirav/.m2/repository/org/slf4j/slf4j-api/1.7.30/slf4j-api-1.7.30.jar:/home/nirav/.m2/repository/commons-io/commons-io/2.8.0/commons-io-2.8.0.jar:/home/nirav/.m2/repository/com/google/code/gson/gson/2.8.6/gson-2.8.6.jar:/home/nirav/.m2/repository/org/apache/commons/commons-lang3/3.11/commons-lang3-3.11.jar:/home/nirav/.m2/repository/org/apache/httpcomponents/client5/httpclient5/5.0.3/httpclient5-5.0.3.jar:/home/nirav/.m2/repository/org/apache/httpcomponents/core5/httpcore5/5.0.2/httpcore5-5.0.2.jar:/home/nirav/.m2/repository/org/apache/httpcomponents/core5/httpcore5-h2/5.0.2/httpcore5-h2-5.0.2.jar:/home/nirav/.m2/repository/commons-codec/commons-codec/1.13/commons-codec-1.13.jar:/home/nirav/.m2/repository/org/rauschig/jarchivelib/1.1.0/jarchivelib-1.1.0.jar:/home/nirav/.m2/repository/org/apache/commons/commons-compress/1.20/commons-compress-1.20.jar:/home/nirav/.m2/repository/org/jsoup/jsoup/1.13.1/jsoup-1.13.1.jar:/home/nirav/.m2/repository/org/testng/testng/7.3.0/testng-7.3.0.jar:/home/nirav/.m2/repository/com/beust/jcommander/1.78/jcommander-1.78.jar:/home/nirav/.m2/repository/org/apache/ant/ant/1.10.3/ant-1.10.3.jar:/home/nirav/.m2/repository/org/apache/ant/ant-launcher/1.10.3/ant-launcher-1.10.3.jar:/home/nirav/.m2/repository/junit/junit/4.12/junit-4.12.jar:/home/nirav/.m2/repository/org/hamcrest/hamcrest-core/1.3/hamcrest-core-1.3.jar:/home/nirav/.m2/repository/com/google/inject/guice/4.2.2/guice-4.2.2-no_aop.jar:/home/nirav/.m2/repository/javax/inject/javax.inject/1/javax.inject-1.jar:/home/nirav/.m2/repository/aopalliance/aopalliance/1.0/aopalliance-1.0.jar:/home/nirav/.m2/repository/org/yaml/snakeyaml/1.21/snakeyaml-1.21.jar:/home/nirav/.m2/repository/log4j/log4j/1.2.17/log4j-1.2.17.jar:/home/nirav/.m2/repository/com/aventstack/extentreports/4.0.0/extentreports-4.0.0.jar:/home/nirav/.m2/repository/org/freemarker/freemarker/2.3.23/freemarker-2.3.23.jar:/home/nirav/.m2/repository/org/mongodb/mongodb-driver/3.3.0/mongodb-driver-3.3.0.jar:/home/nirav/.m2/repository/org/mongodb/mongodb-driver-core/3.3.0/mongodb-driver-core-3.3.0.jar:/home/nirav/.m2/repository/org/mongodb/bson/3.3.0/bson-3.3.0.jar:/home/nirav/.m2/repository/org/apache/httpcomponents/httpclient/4.5.2/httpclient-4.5.2.jar:/home/nirav/.m2/repository/org/apache/httpcomponents/httpcore/4.4.4/httpcore-4.4.4.jar:/home/nirav/.m2/repository/commons-logging/commons-logging/1.2/commons-logging-1.2.jar:/home/nirav/.m2/repository/org/apache/httpcomponents/httpmime/4.5.2/httpmime-4.5.2.jar:"/>
    <property name="sun.cpu.endian" value="little"/>
    <property name="user.home" value="/home/nirav"/>
    <property name="user.language" value="en"/>
    <property name="java.specification.vendor" value="Oracle Corporation"/>
    <property name="java.version.date" value="2021-01-19"/>
    <property name="java.home" value="/usr/lib/jvm/jdk-15.0.2"/>
    <property name="file.separator" value="/"/>
    <property name="basedir" value="/home/nirav/eclipse-workspace/PageObjectModelDemo"/>
    <property name="java.vm.compressedOopsMode" value="32-bit"/>
    <property name="line.separator" value="&#10;"/>
    <property name="java.vm.specification.vendor" value="Oracle Corporation"/>
    <property name="java.specification.name" value="Java Platform API Specification"/>
    <property name="surefire.real.class.path" value="/home/nirav/eclipse-workspace/PageObjectModelDemo/target/surefire/surefirebooter7342949016389614830.jar"/>
    <property name="sun.management.compiler" value="HotSpot 64-Bit Tiered Compilers"/>
    <property name="java.runtime.version" value="15.0.2+7-27"/>
    <property name="user.name" value="nirav"/>
    <property name="path.separator" value=":"/>
    <property name="os.version" value="5.8.0-63-generic"/>
    <property name="java.runtime.name" value="Java(TM) SE Runtime Environment"/>
    <property name="file.encoding" value="UTF-8"/>
    <property name="java.vm.name" value="Java HotSpot(TM) 64-Bit Server VM"/>
    <property name="localRepository" value="/home/nirav/.m2/repository"/>
    <property name="java.vendor.url.bug" value="https://bugreport.java.com/bugreport/"/>
    <property name="java.io.tmpdir" value="/tmp"/>
    <property name="java.version" value="15.0.2"/>
    <property name="user.dir" value="/home/nirav/eclipse-workspace/PageObjectModelDemo"/>
    <property name="os.arch" value="amd64"/>
    <property name="java.vm.specification.name" value="Java Virtual Machine Specification"/>
    <property name="java.library.path" value="/usr/java/packages/lib:/usr/lib64:/lib64:/lib:/usr/lib"/>
    <property name="java.vm.info" value="mixed mode, sharing"/>
    <property name="java.vendor" value="Oracle Corporation"/>
    <property name="java.vm.version" value="15.0.2+7-27"/>
    <property name="sun.io.unicode.encoding" value="UnicodeLittle"/>
    <property name="java.class.version" value="59.0"/>
  </properties>
  <testcase name="testMultipleWindow on [MultipleWindowTest passed=0 failed=0 skipped=0]" classname="multiplewindow.MultipleWindowTest" time="0.595">
    <failure message="str_parent_win_title is INCORRECT expected [The Internet11111111] but found [The Internet]" type="java.lang.AssertionError"><![CDATA[java.lang.AssertionError: str_parent_win_title is INCORRECT expected [The Internet11111111] but found [The Internet]
	at multiplewindow.MultipleWindowTest.testMultipleWindow(MultipleWindowTest.java:27)
]]></failure>
    <system-out><![CDATA[setting up suite
setting end suite
Parentwindow Title :The Internet
Parentwindow Heading :Opening a new window
Parentwindow ID :CDwindow-4C39D1DD01AA4DC2230295CDE6C22CB5
]]></system-out>
    <system-err><![CDATA[SLF4J: Failed to load class "org.slf4j.impl.StaticLoggerBinder".
SLF4J: Defaulting to no-operation (NOP) logger implementation
SLF4J: See http://www.slf4j.org/codes.html#StaticLoggerBinder for further details.
Starting ChromeDriver 92.0.4515.107 (87a818b10553a07434ea9e2b6dccf3cbe7895134-refs/branch-heads/4515@{#1634}) on port 14217
Only local connections are allowed.
Please see https://chromedriver.chromium.org/security-considerations for suggestions on keeping ChromeDriver safe.
ChromeDriver was started successfully.
Jul 30, 2021 4:40:29 PM org.openqa.selenium.remote.ProtocolHandshake createSession
INFO: Detected dialect: W3C
]]></system-err>
  </testcase>
</testsuite>