<?xml version="1.0" encoding="UTF-8"?>
<!-- Generated by org.testng.reporters.JUnitReportReporter -->
<testsuite hostname="nirav-Inspiron-3558" failures="0" tests="5" name="alerts.AlertTest" time="25.097" errors="0" timestamp="2021-07-26T20:09:19 IST" skipped="0">
  <testcase classname="alerts.AlertTest" name="testJSConfirmCancel" time="1.088"/>
  <system-out/>
  <testcase classname="alerts.AlertTest" name="testPromptWithValueAndOK" time="18.977"/>
  <system-out/>
  <testcase classname="alerts.AlertTest" name="testAlertAccept" time="3.132"/>
  <system-out/>
  <testcase classname="alerts.AlertTest" name="testJSConfirmAccept" time="0.969"/>
  <system-out/>
  <testcase classname="alerts.AlertTest" name="testPromptWithoutValueAndCancle" time="0.931"/>
  <system-out/>
</testsuite> <!-- alerts.AlertTest -->
