<?xml version="1.0" encoding="UTF-8"?>
<!-- Generated by org.testng.reporters.JUnitReportReporter -->
<testsuite hostname="nirav-Inspiron-3558" failures="0" tests="1" name="multiplewindow.MultipleWindowTest" time="4.378" errors="0" timestamp="2021-07-24T23:19:28 IST" skipped="0">
  <testcase classname="multiplewindow.MultipleWindowTest" name="testMultipleWindow" time="4.378"/>
  <system-out/>
</testsuite> <!-- multiplewindow.MultipleWindowTest -->
