<?xml version="1.0" encoding="UTF-8"?>
<!-- Generated by org.testng.reporters.JUnitReportReporter -->
<testsuite hostname="nirav-Inspiron-3558" failures="1" tests="1" name="multiplewindow.MultipleWindowTest" time="8.457" errors="0" timestamp="2021-07-30T23:31:09 IST" skipped="0">
  <testcase classname="multiplewindow.MultipleWindowTest" name="testMultipleWindow" time="8.457">
    <failure message="str_parent_win_title is INCORRECT expected [The Internet11111111] but found [The Internet]" type="java.lang.AssertionError">
      <![CDATA[java.lang.AssertionError: str_parent_win_title is INCORRECT expected [The Internet11111111] but found [The Internet]
at org.testng.Assert.fail(Assert.java:99)
at org.testng.Assert.failNotEquals(Assert.java:1037)
at org.testng.Assert.assertEqualsImpl(Assert.java:140)
at org.testng.Assert.assertEquals(Assert.java:122)
at org.testng.Assert.assertEquals(Assert.java:629)
at multiplewindow.MultipleWindowTest.testMultipleWindow(MultipleWindowTest.java:27)
at java.base/jdk.internal.reflect.NativeMethodAccessorImpl.invoke0(Native Method)
at java.base/jdk.internal.reflect.NativeMethodAccessorImpl.invoke(NativeMethodAccessorImpl.java:64)
at java.base/jdk.internal.reflect.DelegatingMethodAccessorImpl.invoke(DelegatingMethodAccessorImpl.java:43)
at java.base/java.lang.reflect.Method.invoke(Method.java:564)
at org.testng.internal.MethodInvocationHelper.invokeMethod(MethodInvocationHelper.java:132)
at org.testng.internal.TestInvoker.invokeMethod(TestInvoker.java:599)
at org.testng.internal.TestInvoker.invokeTestMethod(TestInvoker.java:174)
at org.testng.internal.MethodRunner.runInSequence(MethodRunner.java:46)
at org.testng.internal.TestInvoker$MethodInvocationAgent.invoke(TestInvoker.java:822)
at org.testng.internal.TestInvoker.invokeTestMethods(TestInvoker.java:147)
at org.testng.internal.TestMethodWorker.invokeTestMethods(TestMethodWorker.java:146)
at org.testng.internal.TestMethodWorker.run(TestMethodWorker.java:128)
at java.base/java.util.concurrent.ThreadPoolExecutor.runWorker(ThreadPoolExecutor.java:1130)
at java.base/java.util.concurrent.ThreadPoolExecutor$Worker.run(ThreadPoolExecutor.java:630)
at java.base/java.lang.Thread.run(Thread.java:832)
]]>
    </failure>
  </testcase> <!-- testMultipleWindow -->
  <system-out>
<a href='/home/nirav/eclipse-workspace/PageObjectModelDemo/target/surefire-reports/failure_screenshots/testMultipleWindow on [MultipleWindowTest passed=0 failed=0 skipped=0]_30_07_2021_11_31_08.png'> <img src='/home/nirav/eclipse-workspace/PageObjectModelDemo/target/surefire-reports/failure_screenshots/testMultipleWindow on [MultipleWindowTest passed=0 failed=0 skipped=0]_30_07_2021_11_31_08.png' height='100' width='100'/> </a>  </system-out>
</testsuite> <!-- multiplewindow.MultipleWindowTest -->
