<?xml version="1.0" encoding="UTF-8"?>
<!-- Generated by org.testng.reporters.JUnitReportReporter -->
<testsuite hostname="nirav-Inspiron-3558" failures="0" tests="1" name="alerts.AlertTest" time="3.821" errors="0" timestamp="2021-02-05T18:38:55 IST" skipped="0">
  <testcase classname="alerts.AlertTest" name="testJSConfirmAccept" time="3.821"/>
  <system-out/>
</testsuite> <!-- alerts.AlertTest -->
