<?xml version="1.0" encoding="UTF-8"?>
<!-- Generated by org.testng.reporters.JUnitReportReporter -->
<testsuite hostname="nirav-Inspiron-3558" failures="0" tests="5" name="alerts.AlertTest" time="11.350" errors="0" timestamp="2021-02-26T16:55:42 IST" skipped="0">
  <testcase classname="alerts.AlertTest" name="testPromptWithValueAndOK" time="1.152"/>
  <system-out/>
  <testcase classname="alerts.AlertTest" name="testPromptWithoutValueAndCancle" time="4.461"/>
  <system-out/>
  <testcase classname="alerts.AlertTest" name="testAlertAccept" time="3.677"/>
  <system-out/>
  <testcase classname="alerts.AlertTest" name="testJSConfirmAccept" time="1.102"/>
  <system-out/>
  <testcase classname="alerts.AlertTest" name="testJSConfirmCancel" time="0.958"/>
  <system-out/>
</testsuite> <!-- alerts.AlertTest -->
