<?xml version="1.0" encoding="UTF-8"?>
<!-- Generated by org.testng.reporters.JUnitReportReporter -->
<testsuite hostname="nirav-Inspiron-3558" failures="0" tests="5" name="alerts.AlertTest" time="18.524" errors="0" timestamp="2021-02-25T19:14:50 IST" skipped="0">
  <testcase classname="alerts.AlertTest" name="testPromptWithValueAndOK" time="1.405"/>
  <system-out/>
  <testcase classname="alerts.AlertTest" name="testPromptWithoutValueAndCancle" time="9.450"/>
  <system-out/>
  <testcase classname="alerts.AlertTest" name="testAlertAccept" time="3.029"/>
  <system-out/>
  <testcase classname="alerts.AlertTest" name="testJSConfirmAccept" time="1.388"/>
  <system-out/>
  <testcase classname="alerts.AlertTest" name="testJSConfirmCancel" time="3.252"/>
  <system-out/>
</testsuite> <!-- alerts.AlertTest -->
